<?xml version="1.0" encoding="UTF-8"?>
<!-- Generated by org.testng.reporters.JUnitReportReporter -->
<testsuite hostname="LAPTOP-A62KO58V" failures="0" tests="1" name="MevenDemo.TC001_CreateContact" time="0.020" errors="0" timestamp="2023-05-22T20:41:59 IST" skipped="0">
  <testcase classname="MevenDemo.TC001_CreateContact" name="CreateContact" time="0.020"/>
  <system-out/>
</testsuite> <!-- MevenDemo.TC001_CreateContact -->
