<?xml version="1.0" encoding="UTF-8"?>
<!-- Generated by org.testng.reporters.JUnitReportReporter -->
<<<<<<< HEAD
<testsuite hostname="LAPTOP-A62KO58V" failures="0" tests="1" name="MevenDemo.Sample" time="0.025" errors="0" timestamp="2023-05-22T16:03:17 IST" skipped="0">
  <testcase classname="MevenDemo.Sample" name="SampleDemo" time="0.025"/>
=======
<testsuite hostname="LAPTOP-A62KO58V" failures="0" tests="1" name="MevenDemo.Sample" time="0.015" errors="0" timestamp="2023-05-22T16:24:26 IST" skipped="0">
  <testcase classname="MevenDemo.Sample" name="SampleDemo" time="0.015"/>
>>>>>>> branch 'master' of https://github.com/ManjuKuppur/Demo-MK.git
  <system-out/>
</testsuite> <!-- MevenDemo.Sample -->
