<?xml version="1.0" encoding="UTF-8"?>
<!-- Generated by org.testng.reporters.JUnitReportReporter -->
<testsuite hostname="LAPTOP-A62KO58V" failures="0" tests="1" name="MevenDemo.PracticeMevenTest" time="0.040" errors="0" timestamp="2023-05-21T16:40:55 IST" skipped="0">
  <testcase classname="MevenDemo.PracticeMevenTest" name="practice" time="0.040"/>
  <system-out/>
</testsuite> <!-- MevenDemo.PracticeMevenTest -->
