<?xml version="1.0" encoding="UTF-8"?>
<!-- Generated by org.testng.reporters.JUnitReportReporter -->
<testsuite hostname="LAPTOP-A62KO58V" failures="0" tests="1" name="MevenDemo.Sample" time="0.036" errors="0" timestamp="2023-05-22T16:00:02 IST" skipped="0">
  <testcase classname="MevenDemo.Sample" name="SampleDemo" time="0.036"/>
  <system-out/>
</testsuite> <!-- MevenDemo.Sample -->
